2019-02-12 16:12:28 - PHP Notice:  Undefined variable: case_category in D:\OpenServer\domains\indigo.loc\admin\view\template\user\user_form.tpl on line 77
2019-02-12 16:12:28 - PHP Warning:  Invalid argument supplied for foreach() in D:\OpenServer\domains\indigo.loc\admin\view\template\user\user_form.tpl on line 77
2019-02-12 16:13:36 - PHP Notice:  Undefined variable: case_category in D:\OpenServer\domains\indigo.loc\admin\view\template\user\user_form.tpl on line 77
2019-02-12 16:13:36 - PHP Warning:  Invalid argument supplied for foreach() in D:\OpenServer\domains\indigo.loc\admin\view\template\user\user_form.tpl on line 77
2019-02-12 16:16:08 - PHP Notice:  Undefined index: category_case_id in D:\OpenServer\domains\indigo.loc\admin\controller\user\user.php on line 380
2019-02-12 16:16:08 - PHP Notice:  Undefined index: category_id in D:\OpenServer\domains\indigo.loc\admin\controller\user\user.php on line 386
2019-02-12 16:16:08 - PHP Notice:  Undefined index: category_case_id in D:\OpenServer\domains\indigo.loc\admin\controller\user\user.php on line 394
2019-02-12 16:16:08 - PHP Notice:  Undefined index: category_id in D:\OpenServer\domains\indigo.loc\admin\controller\user\user.php on line 412
2019-02-12 16:28:57 - PHP Notice:  Undefined offset: 0 in D:\OpenServer\domains\indigo.loc\admin\model\design\custommenu_footer.php on line 114
2019-02-12 16:28:57 - PHP Notice:  Undefined offset: 15 in D:\OpenServer\domains\indigo.loc\admin\controller\design\custommenu_footer.php on line 237
2019-02-13 12:25:22 - PHP Notice:  Undefined index: top_name in D:\OpenServer\domains\indigo.loc\admin\model\catalog\category.php on line 249
2019-02-13 12:25:22 - PHP Notice:  Undefined index: category_case_id in D:\OpenServer\domains\indigo.loc\admin\controller\catalog\category.php on line 477
2019-02-13 12:25:22 - PHP Notice:  Undefined index: case_id in D:\OpenServer\domains\indigo.loc\admin\controller\catalog\category.php on line 485
2019-02-13 12:25:48 - PHP Notice:  Undefined index: top_name in D:\OpenServer\domains\indigo.loc\admin\model\catalog\category.php on line 249
2019-02-13 12:25:48 - PHP Notice:  Undefined index: category_case_id in D:\OpenServer\domains\indigo.loc\admin\controller\catalog\category.php on line 477
2019-02-13 12:25:48 - PHP Notice:  Undefined index: case_id in D:\OpenServer\domains\indigo.loc\admin\controller\catalog\category.php on line 485
2019-02-13 12:26:23 - PHP Notice:  Undefined index: category_case_id in D:\OpenServer\domains\indigo.loc\admin\controller\catalog\category.php on line 477
2019-02-13 12:26:23 - PHP Notice:  Undefined index: case_id in D:\OpenServer\domains\indigo.loc\admin\controller\catalog\category.php on line 485
2019-02-13 12:26:40 - PHP Notice:  Undefined index: category_case_id in D:\OpenServer\domains\indigo.loc\admin\controller\catalog\category.php on line 477
2019-02-13 12:26:40 - PHP Notice:  Undefined index: case_id in D:\OpenServer\domains\indigo.loc\admin\controller\catalog\category.php on line 485
2019-02-13 16:18:27 - PHP Notice:  Undefined variable: config_mobile_logo in D:\OpenServer\domains\indigo.loc\admin\view\template\setting\setting.tpl on line 1197
2019-02-13 16:19:01 - PHP Notice:  Undefined variable: config_mobile_logo in D:\OpenServer\domains\indigo.loc\admin\view\template\setting\setting.tpl on line 1197
2019-02-14 10:15:42 - PHP Notice:  Undefined index: link in D:\OpenServer\domains\indigo.loc\admin\view\template\setting\setting.tpl on line 149
2019-02-14 10:23:14 - PHP Notice:  Undefined index: messenger in D:\OpenServer\domains\indigo.loc\admin\view\template\setting\setting.tpl on line 155
2019-02-14 10:23:26 - PHP Notice:  Undefined index: short_messenger in D:\OpenServer\domains\indigo.loc\admin\controller\setting\setting.php on line 24
2019-02-14 10:23:26 - PHP Warning:  Cannot modify header information - headers already sent by (output started at D:\OpenServer\domains\indigo.loc\admin\controller\startup\error.php:34) in D:\OpenServer\domains\indigo.loc\system\library\cbr\boo\vendor\infrajs\nostore\Nostore.php on line 189
2019-02-14 10:23:26 - PHP Warning:  Cannot modify header information - headers already sent by (output started at D:\OpenServer\domains\indigo.loc\admin\controller\startup\error.php:34) in D:\OpenServer\domains\indigo.loc\system\library\response.php on line 12
2019-02-14 10:24:21 - PHP Notice:  Array to string conversion in D:\OpenServer\domains\indigo.loc\catalog\view\theme\indigo\template\common\header.tpl on line 88
2019-02-14 10:24:52 - PHP Notice:  Array to string conversion in D:\OpenServer\domains\indigo.loc\catalog\view\theme\indigo\template\common\header.tpl on line 88
2019-02-14 10:26:11 - PHP Notice:  Array to string conversion in D:\OpenServer\domains\indigo.loc\catalog\view\theme\indigo\template\common\header.tpl on line 88
2019-02-14 10:26:51 - PHP Notice:  Undefined index: app_messenger in D:\OpenServer\domains\indigo.loc\admin\view\template\setting\setting.tpl on line 155
2019-02-14 10:27:09 - PHP Notice:  Array to string conversion in D:\OpenServer\domains\indigo.loc\catalog\view\theme\indigo\template\common\header.tpl on line 88
2019-02-14 10:28:00 - PHP Notice:  Array to string conversion in D:\OpenServer\domains\indigo.loc\catalog\view\theme\indigo\template\common\header.tpl on line 88
2019-02-14 10:29:38 - PHP Notice:  Undefined index: callback_link in D:\OpenServer\domains\indigo.loc\admin\view\template\setting\setting.tpl on line 149
2019-02-14 10:29:38 - PHP Notice:  Undefined index: messenger in D:\OpenServer\domains\indigo.loc\admin\view\template\setting\setting.tpl on line 155
